Using pre-set license
Built from '2020.2/release' branch; Version is '2020.2.1f1 (270dd8c3da1c) revision 2559448'; Using compiler version '192528614'; Build Type 'Release'
OS: 'Windows 10  (10.0.0) 64bit' Language: 'es' Physical Memory: 11714 MB
BatchMode: 1, IsHumanControllingUs: 0, StartBugReporterOnCrash: 0, Is64bit: 1, IsPro: 0

 COMMAND LINE ARGUMENTS:
C:\Program Files\Unity\Hub\Editor\2020.2.1f1\Editor\Unity.exe
-adb2
-batchMode
-noUpm
-name
AssetImportWorker0
-projectPath
C:/Users/javie/Videos/Jade Digital/videojuegos/progvid-2d
-logFile
Logs/AssetImportWorker0.log
-srvPort
50401
Successfully changed project path to: C:/Users/javie/Videos/Jade Digital/videojuegos/progvid-2d
C:/Users/javie/Videos/Jade Digital/videojuegos/progvid-2d
Using Asset Import Pipeline V2.
Refreshing native plugins compatible for Editor in 342.45 ms, found 1 plugins.
Preloading 0 native plugins for Editor in 0.00 ms.
Initialize engine version: 2020.2.1f1 (270dd8c3da1c)
[Subsystems] Discovering subsystems at path C:/Program Files/Unity/Hub/Editor/2020.2.1f1/Editor/Data/Resources/UnitySubsystems
[Subsystems] Discovering subsystems at path C:/Users/javie/Videos/Jade Digital/videojuegos/progvid-2d/Assets
GfxDevice: creating device client; threaded=0
Direct3D:
    Version:  Direct3D 11.0 [level 11.1]
    Renderer: AMD Radeon R7 Graphics (ID=0x9874)
    Vendor:   
    VRAM:     5857 MB
    Driver:   23.20.808.1536
Shader 'Universal Render Pipeline/Particles/Lit': fallback shader 'Universal Render Pipeline/Particles/SimpleLit' not found
Initialize mono
Mono path[0] = 'C:/Program Files/Unity/Hub/Editor/2020.2.1f1/Editor/Data/Managed'
Mono path[1] = 'C:/Program Files/Unity/Hub/Editor/2020.2.1f1/Editor/Data/MonoBleedingEdge/lib/mono/unityjit'
Mono config path = 'C:/Program Files/Unity/Hub/Editor/2020.2.1f1/Editor/Data/MonoBleedingEdge/etc'
Using monoOptions --debugger-agent=transport=dt_socket,embedding=1,server=y,suspend=n,address=127.0.0.1:56044
Begin MonoManager ReloadAssembly
Registering precompiled unity dll's ...
Register platform support module: C:/Program Files/Unity/Hub/Editor/2020.2.1f1/Editor/Data/PlaybackEngines/WebGLSupport/UnityEditor.WebGL.Extensions.dll
Register platform support module: C:/Program Files/Unity/Hub/Editor/2020.2.1f1/Editor/Data/PlaybackEngines/WindowsStandaloneSupport/UnityEditor.WindowsStandalone.Extensions.dll
Registered in 0.008041 seconds.
Native extension for WindowsStandalone target not found
Native extension for WebGL target not found
Refreshing native plugins compatible for Editor in 141.45 ms, found 1 plugins.
Preloading 0 native plugins for Editor in 0.00 ms.
Invoked RoslynAnalysisRunner static constructor.
RoslynAnalysisRunner will not be running.
RoslynAnalysisRunner has terminated.
Mono: successfully reloaded assembly
- Completed reload, in 16.202 seconds
Platform modules already initialized, skipping
Registering precompiled user dll's ...
Registered in 0.005832 seconds.
Begin MonoManager ReloadAssembly
Native extension for WindowsStandalone target not found
Native extension for WebGL target not found
Refreshing native plugins compatible for Editor in 161.10 ms, found 1 plugins.
Preloading 0 native plugins for Editor in 0.00 ms.
Invoked RoslynAnalysisRunner static constructor.
RoslynAnalysisRunner will not be running.
RoslynAnalysisRunner has terminated.
Mono: successfully reloaded assembly
- Completed reload, in  3.088 seconds
Platform modules already initialized, skipping
========================================================================
Worker process is ready to serve import requests
Shader 'Universal Render Pipeline/Particles/Lit': fallback shader 'Universal Render Pipeline/Particles/SimpleLit' not found
Launched and connected shader compiler UnityShaderCompiler.exe after 0.13 seconds
Refreshing native plugins compatible for Editor in 1.58 ms, found 1 plugins.
Preloading 0 native plugins for Editor in 0.00 ms.
Unloading 3638 Unused Serialized files (Serialized files now loaded: 0)
System memory in use before: 152.2 MB.
System memory in use after: 152.4 MB.

Unloading 21 unused Assets to reduce memory usage. Loaded Objects now: 4086.
Total: 8.425500 ms (FindLiveObjects: 1.122100 ms CreateObjectMapping: 0.709700 ms MarkObjects: 6.399600 ms  DeleteObjects: 0.189900 ms)

========================================================================
Received Import Request.
  path: Assets/2Dcharacter.mat
  artifactKey: Guid(0f5be6ff2eabc9645acf034809e83dd1) Importer(815301076,1909f56bfc062723c751e8b465ee728b)
Start importing Assets/2Dcharacter.mat using Guid(0f5be6ff2eabc9645acf034809e83dd1) Importer(815301076,1909f56bfc062723c751e8b465ee728b)  -> (artifact id: '1748dbb4aeb3628c90578bab59a365db') in 2.656097 seconds
  Import took 2.669112 seconds .

========================================================================
Received Import Request.
  Time since last request: 0.000505 seconds.
  path: Assets/2DRendering.asset
  artifactKey: Guid(d2240810513d05947b4477b429a0be48) Importer(815301076,1909f56bfc062723c751e8b465ee728b)
Start importing Assets/2DRendering.asset using Guid(d2240810513d05947b4477b429a0be48) Importer(815301076,1909f56bfc062723c751e8b465ee728b)  -> (artifact id: '451a61f65fec8d06434e1336de18f26c') in 0.079782 seconds
  Import took 0.092969 seconds .

========================================================================
Received Import Request.
  Time since last request: 0.000553 seconds.
  path: Assets/Readme.asset
  artifactKey: Guid(83c2ed844a8c74b779a4c823d16594b1) Importer(815301076,1909f56bfc062723c751e8b465ee728b)
Start importing Assets/Readme.asset using Guid(83c2ed844a8c74b779a4c823d16594b1) Importer(815301076,1909f56bfc062723c751e8b465ee728b)  -> (artifact id: 'f4e359b7e94c49a95a639ee94d423a67') in 0.380673 seconds
  Import took 0.399841 seconds .

========================================================================
Received Import Request.
  Time since last request: 1758.833268 seconds.
  path: Assets/Scenes/main.unity
  artifactKey: Guid(d67851a410f377e45b39d1b58865412d) Importer(815301076,1909f56bfc062723c751e8b465ee728b)
Start importing Assets/Scenes/main.unity using Guid(d67851a410f377e45b39d1b58865412d) Importer(815301076,1909f56bfc062723c751e8b465ee728b)  -> (artifact id: '3c4a329f3e23fdfd9405beceefb220ff') in 0.032385 seconds
  Import took 0.113388 seconds .

========================================================================
Received Import Request.
  Time since last request: 14204.175165 seconds.
  path: Assets/Sprites/wood.png
  artifactKey: Guid(71707803e6c86084e8e00ac297ba18e8) Importer(815301076,1909f56bfc062723c751e8b465ee728b)
Start importing Assets/Sprites/wood.png using Guid(71707803e6c86084e8e00ac297ba18e8) Importer(815301076,1909f56bfc062723c751e8b465ee728b)  -> (artifact id: 'fe34c7c73d108483d5b95f87e8a25af0') in 0.446602 seconds
  Import took 0.720365 seconds .

========================================================================
Received Import Request.
  Time since last request: 252.750894 seconds.
  path: Assets/Sprites
  artifactKey: Guid(35a07cb776e94884bb8d30ac727a9ac3) Importer(815301076,1909f56bfc062723c751e8b465ee728b)
Start importing Assets/Sprites using Guid(35a07cb776e94884bb8d30ac727a9ac3) Importer(815301076,1909f56bfc062723c751e8b465ee728b)  -> (artifact id: '87b79802f1d091dbd6402ec6ac26e0ec') in 0.030042 seconds
  Import took 0.052256 seconds .

========================================================================
Received Import Request.
  Time since last request: 0.000704 seconds.
  path: Assets/Sprites/branch.png
  artifactKey: Guid(406d42d0976a8ef4e89014d16d029ee5) Importer(815301076,1909f56bfc062723c751e8b465ee728b)
Start importing Assets/Sprites/branch.png using Guid(406d42d0976a8ef4e89014d16d029ee5) Importer(815301076,1909f56bfc062723c751e8b465ee728b)  -> (artifact id: '645cf39935f05dc50abf388535c7a38f') in 0.104431 seconds
  Import took 0.121093 seconds .

========================================================================
Received Import Request.
  Time since last request: 0.000883 seconds.
  path: Assets/Sprites/Jungle_Tileset.png
  artifactKey: Guid(79ca9a6439911e742a5af6f98215e0a4) Importer(815301076,1909f56bfc062723c751e8b465ee728b)
Start importing Assets/Sprites/Jungle_Tileset.png using Guid(79ca9a6439911e742a5af6f98215e0a4) Importer(815301076,1909f56bfc062723c751e8b465ee728b)  -> (artifact id: '062056c893722fdd3bde8a7649d7c9fd') in 0.209411 seconds
  Import took 0.230092 seconds .

========================================================================
Received Import Request.
  Time since last request: 0.000718 seconds.
  path: Assets/Sprites/guy.png
  artifactKey: Guid(c03b98a131996b0469e44e7080e451a0) Importer(815301076,1909f56bfc062723c751e8b465ee728b)
Start importing Assets/Sprites/guy.png using Guid(c03b98a131996b0469e44e7080e451a0) Importer(815301076,1909f56bfc062723c751e8b465ee728b)  -> (artifact id: '6b4c835464b45c77abab49e30ce863d0') in 0.144261 seconds
  Import took 0.162139 seconds .

========================================================================
Received Import Request.
  Time since last request: 0.000407 seconds.
  path: Assets/Sprites/Tile.asset
  artifactKey: Guid(472cfac61d17fc541ace9d25255adf16) Importer(815301076,1909f56bfc062723c751e8b465ee728b)
Start importing Assets/Sprites/Tile.asset using Guid(472cfac61d17fc541ace9d25255adf16) Importer(815301076,1909f56bfc062723c751e8b465ee728b)  -> (artifact id: '3b3aef4b707da6fe98a2e496c1ac74d8') in 0.065103 seconds
  Import took 0.091844 seconds .

========================================================================
Received Import Request.
  Time since last request: 0.001037 seconds.
  path: Assets/Sprites/coinbrush.asset
  artifactKey: Guid(761680beb9fc4e54691b9df136a56832) Importer(815301076,1909f56bfc062723c751e8b465ee728b)
Start importing Assets/Sprites/coinbrush.asset using Guid(761680beb9fc4e54691b9df136a56832) Importer(815301076,1909f56bfc062723c751e8b465ee728b)  -> (artifact id: 'e2f7e4685c7c2959077ad9b0e19fce1c') in 0.054469 seconds
  Import took 0.078909 seconds .

========================================================================
Received Import Request.
  Time since last request: 0.000723 seconds.
  path: Assets/Sprites/EnvironmentProps_TileSet.png
  artifactKey: Guid(19b9d0cd4894062458e1cc0cc0524151) Importer(815301076,1909f56bfc062723c751e8b465ee728b)
Start importing Assets/Sprites/EnvironmentProps_TileSet.png using Guid(19b9d0cd4894062458e1cc0cc0524151) Importer(815301076,1909f56bfc062723c751e8b465ee728b)  -> (artifact id: 'b2509c9c3a539d4c7699bacb2c599411') in 0.423012 seconds
  Import took 0.448655 seconds .

========================================================================
Received Import Request.
  Time since last request: 0.000836 seconds.
  path: Assets/Sprites/platform rule.asset
  artifactKey: Guid(c8bce768fa344b146b0a81ca5dc57d9c) Importer(815301076,1909f56bfc062723c751e8b465ee728b)
Start importing Assets/Sprites/platform rule.asset using Guid(c8bce768fa344b146b0a81ca5dc57d9c) Importer(815301076,1909f56bfc062723c751e8b465ee728b)  -> (artifact id: 'c4862b3ae2f4787d6100a9331b50a0da') in 0.223464 seconds
  Import took 0.250007 seconds .

========================================================================
Received Import Request.
  Time since last request: 0.000798 seconds.
  path: Assets/Sprites/branch.asset
  artifactKey: Guid(0e13bd89bdeef694388d04ce7ff3c4c6) Importer(815301076,1909f56bfc062723c751e8b465ee728b)
Start importing Assets/Sprites/branch.asset using Guid(0e13bd89bdeef694388d04ce7ff3c4c6) Importer(815301076,1909f56bfc062723c751e8b465ee728b)  -> (artifact id: '7a9e300fa7a5c3c45df7fbdbb03f01ee') in 0.026556 seconds
  Import took 0.050533 seconds .

========================================================================
Received Import Request.
  Time since last request: 0.000886 seconds.
  path: Assets/Sprites/coins random.asset
  artifactKey: Guid(171a2390b9a9c5f4495d5e57a34934dc) Importer(815301076,1909f56bfc062723c751e8b465ee728b)
Start importing Assets/Sprites/coins random.asset using Guid(171a2390b9a9c5f4495d5e57a34934dc) Importer(815301076,1909f56bfc062723c751e8b465ee728b)  -> (artifact id: '8325c782e90510725f148733aa28eafe') in 0.054965 seconds
  Import took 0.079789 seconds .

========================================================================
Received Import Request.
  Time since last request: 0.000986 seconds.
  path: Assets/Sprites/supercoinbrush.asset
  artifactKey: Guid(5ee934298f34af94596a45769ed654c9) Importer(815301076,1909f56bfc062723c751e8b465ee728b)
Start importing Assets/Sprites/supercoinbrush.asset using Guid(5ee934298f34af94596a45769ed654c9) Importer(815301076,1909f56bfc062723c751e8b465ee728b)  -> (artifact id: '8cf499665b7134d7d37d13e24c91ea81') in 0.062217 seconds
  Import took 0.084637 seconds .

========================================================================
Received Import Request.
  Time since last request: 0.000875 seconds.
  path: Assets/Sprites/midcoin.prefab
  artifactKey: Guid(f1a169bf5f1bbca468d07b11e82945c9) Importer(815301076,1909f56bfc062723c751e8b465ee728b)
Start importing Assets/Sprites/midcoin.prefab using Guid(f1a169bf5f1bbca468d07b11e82945c9) Importer(815301076,1909f56bfc062723c751e8b465ee728b)  -> (artifact id: 'b28991f51344356185ab170bbf3b3f81') in 0.276656 seconds
  Import took 0.296128 seconds .

========================================================================
Received Import Request.
  Time since last request: 0.000473 seconds.
  path: Assets/Sprites/terrex.png
  artifactKey: Guid(20f5afeaeeea16e47a6b18d57c887cec) Importer(815301076,1909f56bfc062723c751e8b465ee728b)
Start importing Assets/Sprites/terrex.png using Guid(20f5afeaeeea16e47a6b18d57c887cec) Importer(815301076,1909f56bfc062723c751e8b465ee728b)  -> (artifact id: '7ee61348020a7b4533fb09b0c5cfe1b6') in 0.283277 seconds
  Import took 0.298123 seconds .

========================================================================
Received Import Request.
  Time since last request: 0.000981 seconds.
  path: Assets/Sprites/indicatorbrush.asset
  artifactKey: Guid(74d37202c0988d24abe02be0dc5ef386) Importer(815301076,1909f56bfc062723c751e8b465ee728b)
Start importing Assets/Sprites/indicatorbrush.asset using Guid(74d37202c0988d24abe02be0dc5ef386) Importer(815301076,1909f56bfc062723c751e8b465ee728b)  -> (artifact id: '42d664e711def24da9a0183346427766') in 0.048788 seconds
  Import took 0.065757 seconds .

========================================================================
Received Import Request.
  Time since last request: 0.000628 seconds.
  path: Assets/Sprites/Square.png
  artifactKey: Guid(3382b2b599d09c247a46c2a8e2232f66) Importer(815301076,1909f56bfc062723c751e8b465ee728b)
Start importing Assets/Sprites/Square.png using Guid(3382b2b599d09c247a46c2a8e2232f66) Importer(815301076,1909f56bfc062723c751e8b465ee728b)  -> (artifact id: 'd688ee1c588bfadc9d274ed539e30ad0') in 0.075131 seconds
  Import took 0.096166 seconds .

========================================================================
Received Import Request.
  Time since last request: 0.000639 seconds.
  path: Assets/Sprites/coin.prefab
  artifactKey: Guid(f9ba34973b3419e439738f35d0a5541d) Importer(815301076,1909f56bfc062723c751e8b465ee728b)
Start importing Assets/Sprites/coin.prefab using Guid(f9ba34973b3419e439738f35d0a5541d) Importer(815301076,1909f56bfc062723c751e8b465ee728b)  -> (artifact id: 'fccb0631895c75346a4efe8a6dc88234') in 0.074757 seconds
  Import took 0.089277 seconds .

========================================================================
Received Import Request.
  Time since last request: 0.000680 seconds.
  path: Assets/Sprites/supercoin.prefab
  artifactKey: Guid(63d4d3b183bc8da4c983a10d6d095bd8) Importer(815301076,1909f56bfc062723c751e8b465ee728b)
Start importing Assets/Sprites/supercoin.prefab using Guid(63d4d3b183bc8da4c983a10d6d095bd8) Importer(815301076,1909f56bfc062723c751e8b465ee728b)  -> (artifact id: '64840add41dbb6a2d54947c1b9a4de9d') in 0.079323 seconds
  Import took 0.105819 seconds .

========================================================================
Received Import Request.
  Time since last request: 0.001253 seconds.
  path: Assets/Sprites/GrassPlatform_TileSet.psd
  artifactKey: Guid(ade3e622a1e740a4f85ab1ae709c8d69) Importer(815301076,1909f56bfc062723c751e8b465ee728b)
Start importing Assets/Sprites/GrassPlatform_TileSet.psd using Guid(ade3e622a1e740a4f85ab1ae709c8d69) Importer(815301076,1909f56bfc062723c751e8b465ee728b)  -> (artifact id: 'f4f79dfa7bb5cd94094d6c221a5567e7') in 0.238286 seconds
  Import took 0.260416 seconds .

========================================================================
Received Import Request.
  Time since last request: 0.000783 seconds.
  path: Assets/Sprites/indicator.prefab
  artifactKey: Guid(4d0d8cf2a35ad294a93587cb10113009) Importer(815301076,1909f56bfc062723c751e8b465ee728b)
Start importing Assets/Sprites/indicator.prefab using Guid(4d0d8cf2a35ad294a93587cb10113009) Importer(815301076,1909f56bfc062723c751e8b465ee728b)  -> (artifact id: '548dc63634f8fd147ca4e3e0529d8514') in 0.093134 seconds
  Import took 0.110146 seconds .

========================================================================
Received Import Request.
  Time since last request: 0.000680 seconds.
  path: Assets/Sprites/coin.png
  artifactKey: Guid(5efe12b6a5a684047aad7d4c7b753b25) Importer(815301076,1909f56bfc062723c751e8b465ee728b)
Start importing Assets/Sprites/coin.png using Guid(5efe12b6a5a684047aad7d4c7b753b25) Importer(815301076,1909f56bfc062723c751e8b465ee728b)  -> (artifact id: '29fc4d56aad450ed83008c9119453cb3') in 0.066167 seconds
  Import took 0.127228 seconds .

========================================================================
Received Import Request.
  Time since last request: 0.000206 seconds.
  path: Assets/Sprites/grassbrush.asset
  artifactKey: Guid(660373880565b894fb6c6953a58a3ccd) Importer(815301076,1909f56bfc062723c751e8b465ee728b)
Start importing Assets/Sprites/grassbrush.asset using Guid(660373880565b894fb6c6953a58a3ccd) Importer(815301076,1909f56bfc062723c751e8b465ee728b)  -> (artifact id: '603638feb7505d90bca3a890d3603294') in 0.092180 seconds
  Import took 0.117527 seconds .

========================================================================
Received Import Request.
  Time since last request: 50.399254 seconds.
  path: Packages/com.unity.2d.tilemap/Editor/Unity.2D.Tilemap.Editor.asmdef
  artifactKey: Guid(3a9781db4804a9945b9883f3a7c46d45) Importer(815301076,1909f56bfc062723c751e8b465ee728b)
Start importing Packages/com.unity.2d.tilemap/Editor/Unity.2D.Tilemap.Editor.asmdef using Guid(3a9781db4804a9945b9883f3a7c46d45) Importer(815301076,1909f56bfc062723c751e8b465ee728b)  -> (artifact id: '424d4bf40938d4dab65e18d537902611') in 0.020735 seconds
  Import took 0.031666 seconds .

========================================================================
Received Prepare
Registering precompiled user dll's ...
Registered in 0.016112 seconds.
Begin MonoManager ReloadAssembly
Native extension for WindowsStandalone target not found
Native extension for WebGL target not found
Refreshing native plugins compatible for Editor in 1.85 ms, found 1 plugins.
Preloading 0 native plugins for Editor in 0.00 ms.
Invoked RoslynAnalysisRunner static constructor.
RoslynAnalysisRunner will not be running.
RoslynAnalysisRunner has terminated.
Mono: successfully reloaded assembly
- Completed reload, in  7.945 seconds
Platform modules already initialized, skipping
Shader 'Universal Render Pipeline/Particles/Lit': fallback shader 'Universal Render Pipeline/Particles/SimpleLit' not found
Refreshing native plugins compatible for Editor in 2.75 ms, found 1 plugins.
Preloading 0 native plugins for Editor in 0.00 ms.
Unloading 3529 Unused Serialized files (Serialized files now loaded: 0)
System memory in use before: 153.3 MB.
System memory in use after: 152.9 MB.

Unloading 22 unused Assets to reduce memory usage. Loaded Objects now: 4264.
Total: 15.442900 ms (FindLiveObjects: 1.517800 ms CreateObjectMapping: 0.815500 ms MarkObjects: 12.177900 ms  DeleteObjects: 0.925500 ms)

========================================================================
Received Import Request.
  Time since last request: 344.186716 seconds.
  path: Assets/Scripts/GameManager.cs
  artifactKey: Guid(43922fba83e82f54191ccfa129cf8da5) Importer(815301076,1909f56bfc062723c751e8b465ee728b)
Start importing Assets/Scripts/GameManager.cs using Guid(43922fba83e82f54191ccfa129cf8da5) Importer(815301076,1909f56bfc062723c751e8b465ee728b)  -> (artifact id: '6be7df2fb35aad364ed0387b15044b34') in 0.053789 seconds
  Import took 0.158009 seconds .

========================================================================
Received Import Request.
  Time since last request: 6.519528 seconds.
  path: Assets/Scripts/WarningMessage.cs
  artifactKey: Guid(841c5c2a40f241a4488d183a06ae2269) Importer(815301076,1909f56bfc062723c751e8b465ee728b)
Start importing Assets/Scripts/WarningMessage.cs using Guid(841c5c2a40f241a4488d183a06ae2269) Importer(815301076,1909f56bfc062723c751e8b465ee728b)  -> (artifact id: '74014a6afcaa10f6881f65ead6f2ca68') in 0.039834 seconds
  Import took 0.051361 seconds .

========================================================================
Received Import Request.
  Time since last request: 3.411920 seconds.
  path: Assets/Scripts/Enemy.cs
  artifactKey: Guid(842d22c298c7ff24dbce01e8f2b07995) Importer(815301076,1909f56bfc062723c751e8b465ee728b)
Start importing Assets/Scripts/Enemy.cs using Guid(842d22c298c7ff24dbce01e8f2b07995) Importer(815301076,1909f56bfc062723c751e8b465ee728b)  -> (artifact id: 'ea7ce19b97b79233d9be7aa85fc6163a') in 0.031252 seconds
  Import took 0.047445 seconds .

========================================================================
Received Prepare
Registering precompiled user dll's ...
Registered in 0.008917 seconds.
Begin MonoManager ReloadAssembly
Native extension for WindowsStandalone target not found
Native extension for WebGL target not found
Refreshing native plugins compatible for Editor in 1.80 ms, found 1 plugins.
Preloading 0 native plugins for Editor in 0.00 ms.
Invoked RoslynAnalysisRunner static constructor.
RoslynAnalysisRunner will not be running.
RoslynAnalysisRunner has terminated.
Mono: successfully reloaded assembly
- Completed reload, in  8.715 seconds
Platform modules already initialized, skipping
Shader 'Universal Render Pipeline/Particles/Lit': fallback shader 'Universal Render Pipeline/Particles/SimpleLit' not found
Refreshing native plugins compatible for Editor in 1.63 ms, found 1 plugins.
Preloading 0 native plugins for Editor in 0.00 ms.
Unloading 3528 Unused Serialized files (Serialized files now loaded: 0)
System memory in use before: 153.3 MB.
System memory in use after: 152.9 MB.

Unloading 22 unused Assets to reduce memory usage. Loaded Objects now: 4267.
Total: 10.470200 ms (FindLiveObjects: 1.057600 ms CreateObjectMapping: 0.497900 ms MarkObjects: 7.823000 ms  DeleteObjects: 1.087300 ms)

========================================================================
Received Import Request.
  Time since last request: 77.008723 seconds.
  path: Assets/Scripts/Enemy.cs
  artifactKey: Guid(842d22c298c7ff24dbce01e8f2b07995) Importer(815301076,1909f56bfc062723c751e8b465ee728b)
Start importing Assets/Scripts/Enemy.cs using Guid(842d22c298c7ff24dbce01e8f2b07995) Importer(815301076,1909f56bfc062723c751e8b465ee728b)  -> (artifact id: '1ffe41c41903e8f27ffa4639a4a766f6') in 0.054750 seconds
  Import took 0.073364 seconds .

AssetImportWorkerClient::OnTransportError - code=2 error=End of file
